<?xml version="1.0" encoding="UTF-8"?>
<!-- Generated by org.testng.reporters.JUnitReportReporter -->
<testsuite hostname="karan" failures="0" tests="2" name="com.coursera.org.test.FormFillingTestWithValidData" time="57.564" errors="0" timestamp="2021-10-02T21:03:49 IST" skipped="0">
  <testcase classname="com.coursera.org.test.FormFillingTestWithValidData" name="locateForm" time="57.557"/>
  <system-out/>
  <testcase classname="com.coursera.org.test.FormFillingTestWithValidData" name="fillValidValues" time="0.007"/>
  <system-out/>
</testsuite> <!-- com.coursera.org.test.FormFillingTestWithValidData -->
