<?xml version="1.0" encoding="UTF-8"?>
<!-- Generated by org.testng.reporters.JUnitReportReporter -->
<testsuite hostname="LAPTOP-QVQKP2NB" failures="0" tests="1" name="com.coursera.org.FunctionalitiesTest.LanguageLearningCoursesCountTest" time="16.513" errors="0" timestamp="2021-09-28T10:16:18 IST" skipped="0">
  <testcase classname="com.coursera.org.FunctionalitiesTest.LanguageLearningCoursesCountTest" name="testLoadLanguageLearningPage2" time="16.513"/>
  <system-out/>
</testsuite> <!-- com.coursera.org.FunctionalitiesTest.LanguageLearningCoursesCountTest -->
