<?xml version="1.0" encoding="UTF-8"?>
<!-- Generated by org.testng.reporters.JUnitReportReporter -->
<testsuite hostname="LAPTOP-QVQKP2NB" failures="0" tests="1" name="com.coursera.org.UtilitiesTest.GenerateReportTest" time="0.399" errors="0" timestamp="2021-09-26T15:50:28 IST" skipped="0">
  <testcase classname="com.coursera.org.UtilitiesTest.GenerateReportTest" name="generateHTMLReport" time="0.399"/>
  <system-out/>
</testsuite> <!-- com.coursera.org.UtilitiesTest.GenerateReportTest -->
