<?xml version="1.0" encoding="UTF-8"?>
<!-- Generated by org.testng.reporters.JUnitReportReporter -->
<testsuite hostname="karan" failures="0" tests="6" name="com.coursera.org.test.IdentifyCoursesTest$validateIdentifyCourses" time="65.128" errors="0" timestamp="2021-10-02T21:03:49 IST" skipped="0">
  <testcase classname="com.coursera.org.test.IdentifyCoursesTest$validateIdentifyCourses" name="validateSearchCourse" time="20.451"/>
  <system-out/>
  <testcase classname="com.coursera.org.test.IdentifyCoursesTest$validateIdentifyCourses" name="validateSelectLanguage" time="11.765"/>
  <system-out/>
  <testcase classname="com.coursera.org.test.IdentifyCoursesTest$validateIdentifyCourses" name="validateSelectLevel" time="10.461"/>
  <system-out/>
  <testcase classname="com.coursera.org.test.IdentifyCoursesTest$validateIdentifyCourses" name="validateFirstCourse" time="1.364"/>
  <system-out>
    <![CDATA[ 
Details of First Course :
 
Course Name - Web Design for Everybody: Basics of Web Development & Coding]]>
  </system-out>
  <testcase classname="com.coursera.org.test.IdentifyCoursesTest$validateIdentifyCourses" name="validateSecondCourse" time="6.530"/>
  <system-out/>
  <testcase classname="com.coursera.org.test.IdentifyCoursesTest$validateIdentifyCourses" name="returnHome" time="14.557"/>
  <system-out/>
</testsuite> <!-- com.coursera.org.test.IdentifyCoursesTest$validateIdentifyCourses -->
