<?xml version="1.0" encoding="UTF-8"?>
<!-- Generated by org.testng.reporters.JUnitReportReporter -->
<testsuite hostname="LAPTOP-QVQKP2NB" failures="0" tests="1" name="com.coursera.org.UtilitiesTest.FileOutputTest" time="0.601" errors="0" timestamp="2021-09-28T10:14:41 IST" skipped="0">
  <testcase classname="com.coursera.org.UtilitiesTest.FileOutputTest" name="deleteValuesInSheet" time="0.601"/>
  <system-out/>
</testsuite> <!-- com.coursera.org.UtilitiesTest.FileOutputTest -->
