<?xml version="1.0" encoding="UTF-8"?>
<!-- Generated by org.testng.reporters.JUnitReportReporter -->
<testsuite hostname="SPKarthick" failures="0" tests="13" name="com.coursera.org.Test.FormFillingTestWithInvalidData" time="312.001" errors="0" timestamp="2021-09-29T18:44:50 IST" skipped="0">
  <testcase classname="com.coursera.org.Test.FormFillingTestWithInvalidData" name="locateForm" time="12.282"/>
  <system-out/>
  <testcase classname="com.coursera.org.Test.FormFillingTestWithInvalidData" name="fillInvalidValues" time="25.057"/>
  <system-out/>
  <testcase classname="com.coursera.org.Test.FormFillingTestWithInvalidData" name="fillInvalidValues" time="24.556"/>
  <system-out/>
  <testcase classname="com.coursera.org.Test.FormFillingTestWithInvalidData" name="fillInvalidValues" time="25.729"/>
  <system-out/>
  <testcase classname="com.coursera.org.Test.FormFillingTestWithInvalidData" name="fillInvalidValues" time="24.392"/>
  <system-out/>
  <testcase classname="com.coursera.org.Test.FormFillingTestWithInvalidData" name="fillInvalidValues" time="24.116"/>
  <system-out/>
  <testcase classname="com.coursera.org.Test.FormFillingTestWithInvalidData" name="fillInvalidValues" time="24.568"/>
  <system-out/>
  <testcase classname="com.coursera.org.Test.FormFillingTestWithInvalidData" name="fillInvalidValues" time="30.385"/>
  <system-out/>
  <testcase classname="com.coursera.org.Test.FormFillingTestWithInvalidData" name="fillInvalidValues" time="24.078"/>
  <system-out/>
  <testcase classname="com.coursera.org.Test.FormFillingTestWithInvalidData" name="fillInvalidValues" time="23.991"/>
  <system-out/>
  <testcase classname="com.coursera.org.Test.FormFillingTestWithInvalidData" name="fillInvalidValues" time="24.040"/>
  <system-out/>
  <testcase classname="com.coursera.org.Test.FormFillingTestWithInvalidData" name="fillInvalidValues" time="24.674"/>
  <system-out/>
  <testcase classname="com.coursera.org.Test.FormFillingTestWithInvalidData" name="fillInvalidValues" time="24.133"/>
  <system-out/>
</testsuite> <!-- com.coursera.org.Test.FormFillingTestWithInvalidData -->
